[
  {
    "level": "INFO",
    "message": "android.ndkVersion from module build.gradle is not set"
  },
  {
    "level": "INFO",
    "message": "ndk.dir in local.properties is /home/lzm/下载/android-ndk-r21b-linux-x86_64/android-ndk-r21b"
  },
  {
    "level": "INFO",
    "message": "ANDROID_NDK_HOME environment variable is not set"
  },
  {
    "level": "INFO",
    "message": "sdkFolder is /home/lzm/Android/Sdk"
  },
  {
    "level": "INFO",
    "message": "Considering /home/lzm/下载/android-ndk-r21b-linux-x86_64/android-ndk-r21b by ndk.dir"
  },
  {
    "level": "INFO",
    "message": "Considering /home/lzm/Android/Sdk/ndk-bundle in SDK ndk-bundle folder"
  },
  {
    "level": "INFO",
    "message": "Considering /home/lzm/Android/Sdk/ndk/21.3.6528147 in SDK ndk folder"
  },
  {
    "level": "INFO",
    "message": "Found requested ndk.dir (/home/lzm/下载/android-ndk-r21b-linux-x86_64/android-ndk-r21b) which has version 21.1.6352462"
  }
]