The target system is: Android - 1 - armv7-a
The host system is: Linux - 5.4.0-42-generic - x86_64
Determining if the C compiler works passed with the following output:
Change Dir: /media/lzm/T5/VideoApp/app/.cxx/cmake/debug/armeabi-v7a/CMakeFiles/CMakeTmp

Run Build Command:"/home/lzm/Android/Sdk/cmake/3.10.2.4988404/bin/ninja" "cmTC_27f18"
[1/2] Building C object CMakeFiles/cmTC_27f18.dir/testCCompiler.c.o
[2/2] Linking C executable cmTC_27f18


Detecting C compiler ABI info compiled with the following output:
Change Dir: /media/lzm/T5/VideoApp/app/.cxx/cmake/debug/armeabi-v7a/CMakeFiles/CMakeTmp

Run Build Command:"/home/lzm/Android/Sdk/cmake/3.10.2.4988404/bin/ninja" "cmTC_6cc22"
[1/2] Building C object CMakeFiles/cmTC_6cc22.dir/CMakeCCompilerABI.c.o
[2/2] Linking C executable cmTC_6cc22
Android (6317467 based on r365631c1) clang version 9.0.8 (https://android.googlesource.com/toolchain/llvm-project e0caee08e5f09b374a27a676d04978c81fcb1928) (based on LLVM 9.0.8svn)
Target: armv7-none-linux-android28
Thread model: posix
InstalledDir: /home/lzm/下载/android-ndk-r21b-linux-x86_64/android-ndk-r21b/toolchains/llvm/prebuilt/linux-x86_64/bin
Found candidate GCC installation: /home/lzm/下载/android-ndk-r21b-linux-x86_64/android-ndk-r21b/toolchains/llvm/prebuilt/linux-x86_64/lib/gcc/arm-linux-androideabi/4.9.x
Selected GCC installation: /home/lzm/下载/android-ndk-r21b-linux-x86_64/android-ndk-r21b/toolchains/llvm/prebuilt/linux-x86_64/lib/gcc/arm-linux-androideabi/4.9.x
Candidate multilib: thumb;@mthumb
Candidate multilib: armv7-a;@march=armv7-a
Candidate multilib: armv7-a/thumb;@march=armv7-a@mthumb
Candidate multilib: .;
Selected multilib: armv7-a/thumb;@march=armv7-a@mthumb
 "/home/lzm/下载/android-ndk-r21b-linux-x86_64/android-ndk-r21b/toolchains/llvm/prebuilt/linux-x86_64/lib/gcc/arm-linux-androideabi/4.9.x/../../../../arm-linux-androideabi/bin/ld" --sysroot=/home/lzm/下载/android-ndk-r21b-linux-x86_64/android-ndk-r21b/toolchains/llvm/prebuilt/linux-x86_64/sysroot -pie -z noexecstack -EL --warn-shared-textrel -z now -z relro -X --hash-style=gnu --enable-new-dtags --eh-frame-hdr -m armelf_linux_eabi -dynamic-linker /system/bin/linker -o cmTC_6cc22 /home/lzm/下载/android-ndk-r21b-linux-x86_64/android-ndk-r21b/toolchains/llvm/prebuilt/linux-x86_64/sysroot/usr/lib/arm-linux-androideabi/28/crtbegin_dynamic.o -L/home/lzm/下载/android-ndk-r21b-linux-x86_64/android-ndk-r21b/toolchains/llvm/prebuilt/linux-x86_64/lib64/clang/9.0.8/lib/linux/arm -L/home/lzm/下载/android-ndk-r21b-linux-x86_64/android-ndk-r21b/toolchains/llvm/prebuilt/linux-x86_64/lib/gcc/arm-linux-androideabi/4.9.x/armv7-a/thumb -L/home/lzm/下载/android-ndk-r21b-linux-x86_64/android-ndk-r21b/toolchains/llvm/prebuilt/linux-x86_64/lib/gcc/arm-linux-androideabi/4.9.x/../../../../arm-linux-androideabi/lib/../lib/armv7-a/thumb -L/home/lzm/下载/android-ndk-r21b-linux-x86_64/android-ndk-r21b/toolchains/llvm/prebuilt/linux-x86_64/sysroot/usr/lib/arm-linux-androideabi/28 -L/home/lzm/下载/android-ndk-r21b-linux-x86_64/android-ndk-r21b/toolchains/llvm/prebuilt/linux-x86_64/sysroot/usr/lib/arm-linux-androideabi -L/home/lzm/下载/android-ndk-r21b-linux-x86_64/android-ndk-r21b/toolchains/llvm/prebuilt/linux-x86_64/sysroot/usr/lib/../lib -L/home/lzm/下载/android-ndk-r21b-linux-x86_64/android-ndk-r21b/toolchains/llvm/prebuilt/linux-x86_64/sysroot/usr/lib/arm-linux-androideabi/../../lib -L/home/lzm/下载/android-ndk-r21b-linux-x86_64/android-ndk-r21b/toolchains/llvm/prebuilt/linux-x86_64/lib/gcc/arm-linux-androideabi/4.9.x/../../../../arm-linux-androideabi/lib/armv7-a/thumb -L/home/lzm/下载/android-ndk-r21b-linux-x86_64/android-ndk-r21b/toolchains/llvm/prebuilt/linux-x86_64/sysroot/usr/lib --exclude-libs libgcc.a --exclude-libs libgcc_real.a --exclude-libs libatomic.a --build-id --fatal-warnings --exclude-libs libunwind.a --no-undefined --gc-sections CMakeFiles/cmTC_6cc22.dir/CMakeCCompilerABI.c.o -lgcc -ldl -lc -lgcc -ldl /home/lzm/下载/android-ndk-r21b-linux-x86_64/android-ndk-r21b/toolchains/llvm/prebuilt/linux-x86_64/sysroot/usr/lib/arm-linux-androideabi/28/crtend_android.o


Parsed C implicit link information from above output:
  link line regex: [^( *|.*[/\])(arm-linux-androideabi-ld|CMAKE_LINK_STARTFILE-NOTFOUND|([^/\]+-)?ld|collect2)[^/\]*( |$)]
  ignore line: [Change Dir: /media/lzm/T5/VideoApp/app/.cxx/cmake/debug/armeabi-v7a/CMakeFiles/CMakeTmp]
  ignore line: []
  ignore line: [Run Build Command:"/home/lzm/Android/Sdk/cmake/3.10.2.4988404/bin/ninja" "cmTC_6cc22"]
  ignore line: [[1/2] Building C object CMakeFiles/cmTC_6cc22.dir/CMakeCCompilerABI.c.o]
  ignore line: [[2/2] Linking C executable cmTC_6cc22]
  ignore line: [Android (6317467 based on r365631c1) clang version 9.0.8 (https://android.googlesource.com/toolchain/llvm-project e0caee08e5f09b374a27a676d04978c81fcb1928) (based on LLVM 9.0.8svn)]
  ignore line: [Target: armv7-none-linux-android28]
  ignore line: [Thread model: posix]
  ignore line: [InstalledDir: /home/lzm/下载/android-ndk-r21b-linux-x86_64/android-ndk-r21b/toolchains/llvm/prebuilt/linux-x86_64/bin]
  ignore line: [Found candidate GCC installation: /home/lzm/下载/android-ndk-r21b-linux-x86_64/android-ndk-r21b/toolchains/llvm/prebuilt/linux-x86_64/lib/gcc/arm-linux-androideabi/4.9.x]
  ignore line: [Selected GCC installation: /home/lzm/下载/android-ndk-r21b-linux-x86_64/android-ndk-r21b/toolchains/llvm/prebuilt/linux-x86_64/lib/gcc/arm-linux-androideabi/4.9.x]
  ignore line: [Candidate multilib: thumb]
  ignore line: [@mthumb]
  ignore line: [Candidate multilib: armv7-a]
  ignore line: [@march=armv7-a]
  ignore line: [Candidate multilib: armv7-a/thumb]
  ignore line: [@march=armv7-a@mthumb]
  ignore line: [Candidate multilib: .]
  ignore line: []
  ignore line: [Selected multilib: armv7-a/thumb]
  ignore line: [@march=armv7-a@mthumb]
  link line: [ "/home/lzm/下载/android-ndk-r21b-linux-x86_64/android-ndk-r21b/toolchains/llvm/prebuilt/linux-x86_64/lib/gcc/arm-linux-androideabi/4.9.x/../../../../arm-linux-androideabi/bin/ld" --sysroot=/home/lzm/下载/android-ndk-r21b-linux-x86_64/android-ndk-r21b/toolchains/llvm/prebuilt/linux-x86_64/sysroot -pie -z noexecstack -EL --warn-shared-textrel -z now -z relro -X --hash-style=gnu --enable-new-dtags --eh-frame-hdr -m armelf_linux_eabi -dynamic-linker /system/bin/linker -o cmTC_6cc22 /home/lzm/下载/android-ndk-r21b-linux-x86_64/android-ndk-r21b/toolchains/llvm/prebuilt/linux-x86_64/sysroot/usr/lib/arm-linux-androideabi/28/crtbegin_dynamic.o -L/home/lzm/下载/android-ndk-r21b-linux-x86_64/android-ndk-r21b/toolchains/llvm/prebuilt/linux-x86_64/lib64/clang/9.0.8/lib/linux/arm -L/home/lzm/下载/android-ndk-r21b-linux-x86_64/android-ndk-r21b/toolchains/llvm/prebuilt/linux-x86_64/lib/gcc/arm-linux-androideabi/4.9.x/armv7-a/thumb -L/home/lzm/下载/android-ndk-r21b-linux-x86_64/android-ndk-r21b/toolchains/llvm/prebuilt/linux-x86_64/lib/gcc/arm-linux-androideabi/4.9.x/../../../../arm-linux-androideabi/lib/../lib/armv7-a/thumb -L/home/lzm/下载/android-ndk-r21b-linux-x86_64/android-ndk-r21b/toolchains/llvm/prebuilt/linux-x86_64/sysroot/usr/lib/arm-linux-androideabi/28 -L/home/lzm/下载/android-ndk-r21b-linux-x86_64/android-ndk-r21b/toolchains/llvm/prebuilt/linux-x86_64/sysroot/usr/lib/arm-linux-androideabi -L/home/lzm/下载/android-ndk-r21b-linux-x86_64/android-ndk-r21b/toolchains/llvm/prebuilt/linux-x86_64/sysroot/usr/lib/../lib -L/home/lzm/下载/android-ndk-r21b-linux-x86_64/android-ndk-r21b/toolchains/llvm/prebuilt/linux-x86_64/sysroot/usr/lib/arm-linux-androideabi/../../lib -L/home/lzm/下载/android-ndk-r21b-linux-x86_64/android-ndk-r21b/toolchains/llvm/prebuilt/linux-x86_64/lib/gcc/arm-linux-androideabi/4.9.x/../../../../arm-linux-androideabi/lib/armv7-a/thumb -L/home/lzm/下载/android-ndk-r21b-linux-x86_64/android-ndk-r21b/toolchains/llvm/prebuilt/linux-x86_64/sysroot/usr/lib --exclude-libs libgcc.a --exclude-libs libgcc_real.a --exclude-libs libatomic.a --build-id --fatal-warnings --exclude-libs libunwind.a --no-undefined --gc-sections CMakeFiles/cmTC_6cc22.dir/CMakeCCompilerABI.c.o -lgcc -ldl -lc -lgcc -ldl /home/lzm/下载/android-ndk-r21b-linux-x86_64/android-ndk-r21b/toolchains/llvm/prebuilt/linux-x86_64/sysroot/usr/lib/arm-linux-androideabi/28/crtend_android.o]
    arg [/home/lzm/下载/android-ndk-r21b-linux-x86_64/android-ndk-r21b/toolchains/llvm/prebuilt/linux-x86_64/lib/gcc/arm-linux-androideabi/4.9.x/../../../../arm-linux-androideabi/bin/ld] ==> ignore
    arg [--sysroot=/home/lzm/下载/android-ndk-r21b-linux-x86_64/android-ndk-r21b/toolchains/llvm/prebuilt/linux-x86_64/sysroot] ==> ignore
    arg [-pie] ==> ignore
    arg [-znoexecstack] ==> ignore
    arg [-EL] ==> ignore
    arg [--warn-shared-textrel] ==> ignore
    arg [-znow] ==> ignore
    arg [-zrelro] ==> ignore
    arg [-X] ==> ignore
    arg [--hash-style=gnu] ==> ignore
    arg [--enable-new-dtags] ==> ignore
    arg [--eh-frame-hdr] ==> ignore
    arg [-m] ==> ignore
    arg [armelf_linux_eabi] ==> ignore
    arg [-dynamic-linker] ==> ignore
    arg [/system/bin/linker] ==> ignore
    arg [-o] ==> ignore
    arg [cmTC_6cc22] ==> ignore
    arg [/home/lzm/下载/android-ndk-r21b-linux-x86_64/android-ndk-r21b/toolchains/llvm/prebuilt/linux-x86_64/sysroot/usr/lib/arm-linux-androideabi/28/crtbegin_dynamic.o] ==> ignore
    arg [-L/home/lzm/下载/android-ndk-r21b-linux-x86_64/android-ndk-r21b/toolchains/llvm/prebuilt/linux-x86_64/lib64/clang/9.0.8/lib/linux/arm] ==> dir [/home/lzm/下载/android-ndk-r21b-linux-x86_64/android-ndk-r21b/toolchains/llvm/prebuilt/linux-x86_64/lib64/clang/9.0.8/lib/linux/arm]
    arg [-L/home/lzm/下载/android-ndk-r21b-linux-x86_64/android-ndk-r21b/toolchains/llvm/prebuilt/linux-x86_64/lib/gcc/arm-linux-androideabi/4.9.x/armv7-a/thumb] ==> dir [/home/lzm/下载/android-ndk-r21b-linux-x86_64/android-ndk-r21b/toolchains/llvm/prebuilt/linux-x86_64/lib/gcc/arm-linux-androideabi/4.9.x/armv7-a/thumb]
    arg [-L/home/lzm/下载/android-ndk-r21b-linux-x86_64/android-ndk-r21b/toolchains/llvm/prebuilt/linux-x86_64/lib/gcc/arm-linux-androideabi/4.9.x/../../../../arm-linux-androideabi/lib/../lib/armv7-a/thumb] ==> dir [/home/lzm/下载/android-ndk-r21b-linux-x86_64/android-ndk-r21b/toolchains/llvm/prebuilt/linux-x86_64/lib/gcc/arm-linux-androideabi/4.9.x/../../../../arm-linux-androideabi/lib/../lib/armv7-a/thumb]
    arg [-L/home/lzm/下载/android-ndk-r21b-linux-x86_64/android-ndk-r21b/toolchains/llvm/prebuilt/linux-x86_64/sysroot/usr/lib/arm-linux-androideabi/28] ==> dir [/home/lzm/下载/android-ndk-r21b-linux-x86_64/android-ndk-r21b/toolchains/llvm/prebuilt/linux-x86_64/sysroot/usr/lib/arm-linux-androideabi/28]
    arg [-L/home/lzm/下载/android-ndk-r21b-linux-x86_64/android-ndk-r21b/toolchains/llvm/prebuilt/linux-x86_64/sysroot/usr/lib/arm-linux-androideabi] ==> dir [/home/lzm/下载/android-ndk-r21b-linux-x86_64/android-ndk-r21b/toolchains/llvm/prebuilt/linux-x86_64/sysroot/usr/lib/arm-linux-androideabi]
    arg [-L/home/lzm/下载/android-ndk-r21b-linux-x86_64/android-ndk-r21b/toolchains/llvm/prebuilt/linux-x86_64/sysroot/usr/lib/../lib] ==> dir [/home/lzm/下载/android-ndk-r21b-linux-x86_64/android-ndk-r21b/toolchains/llvm/prebuilt/linux-x86_64/sysroot/usr/lib/../lib]
    arg [-L/home/lzm/下载/android-ndk-r21b-linux-x86_64/android-ndk-r21b/toolchains/llvm/prebuilt/linux-x86_64/sysroot/usr/lib/arm-linux-androideabi/../../lib] ==> dir [/home/lzm/下载/android-ndk-r21b-linux-x86_64/android-ndk-r21b/toolchains/llvm/prebuilt/linux-x86_64/sysroot/usr/lib/arm-linux-androideabi/../../lib]
    arg [-L/home/lzm/下载/android-ndk-r21b-linux-x86_64/android-ndk-r21b/toolchains/llvm/prebuilt/linux-x86_64/lib/gcc/arm-linux-androideabi/4.9.x/../../../../arm-linux-androideabi/lib/armv7-a/thumb] ==> dir [/home/lzm/下载/android-ndk-r21b-linux-x86_64/android-ndk-r21b/toolchains/llvm/prebuilt/linux-x86_64/lib/gcc/arm-linux-androideabi/4.9.x/../../../../arm-linux-androideabi/lib/armv7-a/thumb]
    arg [-L/home/lzm/下载/android-ndk-r21b-linux-x86_64/android-ndk-r21b/toolchains/llvm/prebuilt/linux-x86_64/sysroot/usr/lib] ==> dir [/home/lzm/下载/android-ndk-r21b-linux-x86_64/android-ndk-r21b/toolchains/llvm/prebuilt/linux-x86_64/sysroot/usr/lib]
    arg [--exclude-libs] ==> ignore
    arg [libgcc.a] ==> ignore
    arg [--exclude-libs] ==> ignore
    arg [libgcc_real.a] ==> ignore
    arg [--exclude-libs] ==> ignore
    arg [libatomic.a] ==> ignore
    arg [--build-id] ==> ignore
    arg [--fatal-warnings] ==> ignore
    arg [--exclude-libs] ==> ignore
    arg [libunwind.a] ==> ignore
    arg [--no-undefined] ==> ignore
    arg [--gc-sections] ==> ignore
    arg [CMakeFiles/cmTC_6cc22.dir/CMakeCCompilerABI.c.o] ==> ignore
    arg [-lgcc] ==> lib [gcc]
    arg [-ldl] ==> lib [dl]
    arg [-lc] ==> lib [c]
    arg [-lgcc] ==> lib [gcc]
    arg [-ldl] ==> lib [dl]
    arg [/home/lzm/下载/android-ndk-r21b-linux-x86_64/android-ndk-r21b/toolchains/llvm/prebuilt/linux-x86_64/sysroot/usr/lib/arm-linux-androideabi/28/crtend_android.o] ==> ignore
  collapse library dir [/home/lzm/下载/android-ndk-r21b-linux-x86_64/android-ndk-r21b/toolchains/llvm/prebuilt/linux-x86_64/lib64/clang/9.0.8/lib/linux/arm] ==> [/home/lzm/下载/android-ndk-r21b-linux-x86_64/android-ndk-r21b/toolchains/llvm/prebuilt/linux-x86_64/lib64/clang/9.0.8/lib/linux/arm]
  collapse library dir [/home/lzm/下载/android-ndk-r21b-linux-x86_64/android-ndk-r21b/toolchains/llvm/prebuilt/linux-x86_64/lib/gcc/arm-linux-androideabi/4.9.x/armv7-a/thumb] ==> [/home/lzm/下载/android-ndk-r21b-linux-x86_64/android-ndk-r21b/toolchains/llvm/prebuilt/linux-x86_64/lib/gcc/arm-linux-androideabi/4.9.x/armv7-a/thumb]
  collapse library dir [/home/lzm/下载/android-ndk-r21b-linux-x86_64/android-ndk-r21b/toolchains/llvm/prebuilt/linux-x86_64/lib/gcc/arm-linux-androideabi/4.9.x/../../../../arm-linux-androideabi/lib/../lib/armv7-a/thumb] ==> [/home/lzm/下载/android-ndk-r21b-linux-x86_64/android-ndk-r21b/toolchains/llvm/prebuilt/linux-x86_64/arm-linux-androideabi/lib/armv7-a/thumb]
  collapse library dir [/home/lzm/下载/android-ndk-r21b-linux-x86_64/android-ndk-r21b/toolchains/llvm/prebuilt/linux-x86_64/sysroot/usr/lib/arm-linux-androideabi/28] ==> [/home/lzm/下载/android-ndk-r21b-linux-x86_64/android-ndk-r21b/toolchains/llvm/prebuilt/linux-x86_64/sysroot/usr/lib/arm-linux-androideabi/28]
  collapse library dir [/home/lzm/下载/android-ndk-r21b-linux-x86_64/android-ndk-r21b/toolchains/llvm/prebuilt/linux-x86_64/sysroot/usr/lib/arm-linux-androideabi] ==> [/home/lzm/下载/android-ndk-r21b-linux-x86_64/android-ndk-r21b/toolchains/llvm/prebuilt/linux-x86_64/sysroot/usr/lib/arm-linux-androideabi]
  collapse library dir [/home/lzm/下载/android-ndk-r21b-linux-x86_64/android-ndk-r21b/toolchains/llvm/prebuilt/linux-x86_64/sysroot/usr/lib/../lib] ==> [/home/lzm/下载/android-ndk-r21b-linux-x86_64/android-ndk-r21b/toolchains/llvm/prebuilt/linux-x86_64/sysroot/usr/lib]
  collapse library dir [/home/lzm/下载/android-ndk-r21b-linux-x86_64/android-ndk-r21b/toolchains/llvm/prebuilt/linux-x86_64/sysroot/usr/lib/arm-linux-androideabi/../../lib] ==> [/home/lzm/下载/android-ndk-r21b-linux-x86_64/android-ndk-r21b/toolchains/llvm/prebuilt/linux-x86_64/sysroot/usr/lib]
  collapse library dir [/home/lzm/下载/android-ndk-r21b-linux-x86_64/android-ndk-r21b/toolchains/llvm/prebuilt/linux-x86_64/lib/gcc/arm-linux-androideabi/4.9.x/../../../../arm-linux-androideabi/lib/armv7-a/thumb] ==> [/home/lzm/下载/android-ndk-r21b-linux-x86_64/android-ndk-r21b/toolchains/llvm/prebuilt/linux-x86_64/arm-linux-androideabi/lib/armv7-a/thumb]
  collapse library dir [/home/lzm/下载/android-ndk-r21b-linux-x86_64/android-ndk-r21b/toolchains/llvm/prebuilt/linux-x86_64/sysroot/usr/lib] ==> [/home/lzm/下载/android-ndk-r21b-linux-x86_64/android-ndk-r21b/toolchains/llvm/prebuilt/linux-x86_64/sysroot/usr/lib]
  implicit libs: [gcc;dl;c;gcc;dl]
  implicit dirs: [/home/lzm/下载/android-ndk-r21b-linux-x86_64/android-ndk-r21b/toolchains/llvm/prebuilt/linux-x86_64/lib64/clang/9.0.8/lib/linux/arm;/home/lzm/下载/android-ndk-r21b-linux-x86_64/android-ndk-r21b/toolchains/llvm/prebuilt/linux-x86_64/lib/gcc/arm-linux-androideabi/4.9.x/armv7-a/thumb;/home/lzm/下载/android-ndk-r21b-linux-x86_64/android-ndk-r21b/toolchains/llvm/prebuilt/linux-x86_64/arm-linux-androideabi/lib/armv7-a/thumb;/home/lzm/下载/android-ndk-r21b-linux-x86_64/android-ndk-r21b/toolchains/llvm/prebuilt/linux-x86_64/sysroot/usr/lib/arm-linux-androideabi/28;/home/lzm/下载/android-ndk-r21b-linux-x86_64/android-ndk-r21b/toolchains/llvm/prebuilt/linux-x86_64/sysroot/usr/lib/arm-linux-androideabi;/home/lzm/下载/android-ndk-r21b-linux-x86_64/android-ndk-r21b/toolchains/llvm/prebuilt/linux-x86_64/sysroot/usr/lib]
  implicit fwks: []




Detecting C [-std=c11] compiler features compiled with the following output:
Change Dir: /media/lzm/T5/VideoApp/app/.cxx/cmake/debug/armeabi-v7a/CMakeFiles/CMakeTmp

Run Build Command:"/home/lzm/Android/Sdk/cmake/3.10.2.4988404/bin/ninja" "cmTC_c607a"
[1/2] Building C object CMakeFiles/cmTC_c607a.dir/feature_tests.c.o
[2/2] Linking C executable cmTC_c607a


    Feature record: C_FEATURE:1c_function_prototypes
    Feature record: C_FEATURE:1c_restrict
    Feature record: C_FEATURE:1c_static_assert
    Feature record: C_FEATURE:1c_variadic_macros


Detecting C [-std=c99] compiler features compiled with the following output:
Change Dir: /media/lzm/T5/VideoApp/app/.cxx/cmake/debug/armeabi-v7a/CMakeFiles/CMakeTmp

Run Build Command:"/home/lzm/Android/Sdk/cmake/3.10.2.4988404/bin/ninja" "cmTC_6dc04"
[1/2] Building C object CMakeFiles/cmTC_6dc04.dir/feature_tests.c.o
[2/2] Linking C executable cmTC_6dc04


    Feature record: C_FEATURE:1c_function_prototypes
    Feature record: C_FEATURE:1c_restrict
    Feature record: C_FEATURE:0c_static_assert
    Feature record: C_FEATURE:1c_variadic_macros


Detecting C [-std=c90] compiler features compiled with the following output:
Change Dir: /media/lzm/T5/VideoApp/app/.cxx/cmake/debug/armeabi-v7a/CMakeFiles/CMakeTmp

Run Build Command:"/home/lzm/Android/Sdk/cmake/3.10.2.4988404/bin/ninja" "cmTC_b4c35"
[1/2] Building C object CMakeFiles/cmTC_b4c35.dir/feature_tests.c.o
[2/2] Linking C executable cmTC_b4c35


    Feature record: C_FEATURE:1c_function_prototypes
    Feature record: C_FEATURE:0c_restrict
    Feature record: C_FEATURE:0c_static_assert
    Feature record: C_FEATURE:0c_variadic_macros
Determining if the CXX compiler works passed with the following output:
Change Dir: /media/lzm/T5/VideoApp/app/.cxx/cmake/debug/armeabi-v7a/CMakeFiles/CMakeTmp

Run Build Command:"/home/lzm/Android/Sdk/cmake/3.10.2.4988404/bin/ninja" "cmTC_080aa"
[1/2] Building CXX object CMakeFiles/cmTC_080aa.dir/testCXXCompiler.cxx.o
[2/2] Linking CXX executable cmTC_080aa


Detecting CXX compiler ABI info compiled with the following output:
Change Dir: /media/lzm/T5/VideoApp/app/.cxx/cmake/debug/armeabi-v7a/CMakeFiles/CMakeTmp

Run Build Command:"/home/lzm/Android/Sdk/cmake/3.10.2.4988404/bin/ninja" "cmTC_a1d2a"
[1/2] Building CXX object CMakeFiles/cmTC_a1d2a.dir/CMakeCXXCompilerABI.cpp.o
[2/2] Linking CXX executable cmTC_a1d2a
Android (6317467 based on r365631c1) clang version 9.0.8 (https://android.googlesource.com/toolchain/llvm-project e0caee08e5f09b374a27a676d04978c81fcb1928) (based on LLVM 9.0.8svn)
Target: armv7-none-linux-android28
Thread model: posix
InstalledDir: /home/lzm/下载/android-ndk-r21b-linux-x86_64/android-ndk-r21b/toolchains/llvm/prebuilt/linux-x86_64/bin
Found candidate GCC installation: /home/lzm/下载/android-ndk-r21b-linux-x86_64/android-ndk-r21b/toolchains/llvm/prebuilt/linux-x86_64/lib/gcc/arm-linux-androideabi/4.9.x
Selected GCC installation: /home/lzm/下载/android-ndk-r21b-linux-x86_64/android-ndk-r21b/toolchains/llvm/prebuilt/linux-x86_64/lib/gcc/arm-linux-androideabi/4.9.x
Candidate multilib: thumb;@mthumb
Candidate multilib: armv7-a;@march=armv7-a
Candidate multilib: armv7-a/thumb;@march=armv7-a@mthumb
Candidate multilib: .;
Selected multilib: armv7-a/thumb;@march=armv7-a@mthumb
 "/home/lzm/下载/android-ndk-r21b-linux-x86_64/android-ndk-r21b/toolchains/llvm/prebuilt/linux-x86_64/lib/gcc/arm-linux-androideabi/4.9.x/../../../../arm-linux-androideabi/bin/ld" --sysroot=/home/lzm/下载/android-ndk-r21b-linux-x86_64/android-ndk-r21b/toolchains/llvm/prebuilt/linux-x86_64/sysroot -pie -z noexecstack -EL --warn-shared-textrel -z now -z relro -X --hash-style=gnu --enable-new-dtags --eh-frame-hdr -m armelf_linux_eabi -dynamic-linker /system/bin/linker -o cmTC_a1d2a /home/lzm/下载/android-ndk-r21b-linux-x86_64/android-ndk-r21b/toolchains/llvm/prebuilt/linux-x86_64/sysroot/usr/lib/arm-linux-androideabi/28/crtbegin_dynamic.o -L/home/lzm/下载/android-ndk-r21b-linux-x86_64/android-ndk-r21b/toolchains/llvm/prebuilt/linux-x86_64/lib64/clang/9.0.8/lib/linux/arm -L/home/lzm/下载/android-ndk-r21b-linux-x86_64/android-ndk-r21b/toolchains/llvm/prebuilt/linux-x86_64/lib/gcc/arm-linux-androideabi/4.9.x/armv7-a/thumb -L/home/lzm/下载/android-ndk-r21b-linux-x86_64/android-ndk-r21b/toolchains/llvm/prebuilt/linux-x86_64/lib/gcc/arm-linux-androideabi/4.9.x/../../../../arm-linux-androideabi/lib/../lib/armv7-a/thumb -L/home/lzm/下载/android-ndk-r21b-linux-x86_64/android-ndk-r21b/toolchains/llvm/prebuilt/linux-x86_64/sysroot/usr/lib/arm-linux-androideabi/28 -L/home/lzm/下载/android-ndk-r21b-linux-x86_64/android-ndk-r21b/toolchains/llvm/prebuilt/linux-x86_64/sysroot/usr/lib/arm-linux-androideabi -L/home/lzm/下载/android-ndk-r21b-linux-x86_64/android-ndk-r21b/toolchains/llvm/prebuilt/linux-x86_64/sysroot/usr/lib/../lib -L/home/lzm/下载/android-ndk-r21b-linux-x86_64/android-ndk-r21b/toolchains/llvm/prebuilt/linux-x86_64/sysroot/usr/lib/arm-linux-androideabi/../../lib -L/home/lzm/下载/android-ndk-r21b-linux-x86_64/android-ndk-r21b/toolchains/llvm/prebuilt/linux-x86_64/lib/gcc/arm-linux-androideabi/4.9.x/../../../../arm-linux-androideabi/lib/armv7-a/thumb -L/home/lzm/下载/android-ndk-r21b-linux-x86_64/android-ndk-r21b/toolchains/llvm/prebuilt/linux-x86_64/sysroot/usr/lib --exclude-libs libgcc.a --exclude-libs libgcc_real.a --exclude-libs libatomic.a --build-id --fatal-warnings --exclude-libs libunwind.a --no-undefined --gc-sections CMakeFiles/cmTC_a1d2a.dir/CMakeCXXCompilerABI.cpp.o -Bstatic -lc++ -Bdynamic -lm -lgcc -ldl -lc -lgcc -ldl /home/lzm/下载/android-ndk-r21b-linux-x86_64/android-ndk-r21b/toolchains/llvm/prebuilt/linux-x86_64/sysroot/usr/lib/arm-linux-androideabi/28/crtend_android.o


Parsed CXX implicit link information from above output:
  link line regex: [^( *|.*[/\])(arm-linux-androideabi-ld|CMAKE_LINK_STARTFILE-NOTFOUND|([^/\]+-)?ld|collect2)[^/\]*( |$)]
  ignore line: [Change Dir: /media/lzm/T5/VideoApp/app/.cxx/cmake/debug/armeabi-v7a/CMakeFiles/CMakeTmp]
  ignore line: []
  ignore line: [Run Build Command:"/home/lzm/Android/Sdk/cmake/3.10.2.4988404/bin/ninja" "cmTC_a1d2a"]
  ignore line: [[1/2] Building CXX object CMakeFiles/cmTC_a1d2a.dir/CMakeCXXCompilerABI.cpp.o]
  ignore line: [[2/2] Linking CXX executable cmTC_a1d2a]
  ignore line: [Android (6317467 based on r365631c1) clang version 9.0.8 (https://android.googlesource.com/toolchain/llvm-project e0caee08e5f09b374a27a676d04978c81fcb1928) (based on LLVM 9.0.8svn)]
  ignore line: [Target: armv7-none-linux-android28]
  ignore line: [Thread model: posix]
  ignore line: [InstalledDir: /home/lzm/下载/android-ndk-r21b-linux-x86_64/android-ndk-r21b/toolchains/llvm/prebuilt/linux-x86_64/bin]
  ignore line: [Found candidate GCC installation: /home/lzm/下载/android-ndk-r21b-linux-x86_64/android-ndk-r21b/toolchains/llvm/prebuilt/linux-x86_64/lib/gcc/arm-linux-androideabi/4.9.x]
  ignore line: [Selected GCC installation: /home/lzm/下载/android-ndk-r21b-linux-x86_64/android-ndk-r21b/toolchains/llvm/prebuilt/linux-x86_64/lib/gcc/arm-linux-androideabi/4.9.x]
  ignore line: [Candidate multilib: thumb]
  ignore line: [@mthumb]
  ignore line: [Candidate multilib: armv7-a]
  ignore line: [@march=armv7-a]
  ignore line: [Candidate multilib: armv7-a/thumb]
  ignore line: [@march=armv7-a@mthumb]
  ignore line: [Candidate multilib: .]
  ignore line: []
  ignore line: [Selected multilib: armv7-a/thumb]
  ignore line: [@march=armv7-a@mthumb]
  link line: [ "/home/lzm/下载/android-ndk-r21b-linux-x86_64/android-ndk-r21b/toolchains/llvm/prebuilt/linux-x86_64/lib/gcc/arm-linux-androideabi/4.9.x/../../../../arm-linux-androideabi/bin/ld" --sysroot=/home/lzm/下载/android-ndk-r21b-linux-x86_64/android-ndk-r21b/toolchains/llvm/prebuilt/linux-x86_64/sysroot -pie -z noexecstack -EL --warn-shared-textrel -z now -z relro -X --hash-style=gnu --enable-new-dtags --eh-frame-hdr -m armelf_linux_eabi -dynamic-linker /system/bin/linker -o cmTC_a1d2a /home/lzm/下载/android-ndk-r21b-linux-x86_64/android-ndk-r21b/toolchains/llvm/prebuilt/linux-x86_64/sysroot/usr/lib/arm-linux-androideabi/28/crtbegin_dynamic.o -L/home/lzm/下载/android-ndk-r21b-linux-x86_64/android-ndk-r21b/toolchains/llvm/prebuilt/linux-x86_64/lib64/clang/9.0.8/lib/linux/arm -L/home/lzm/下载/android-ndk-r21b-linux-x86_64/android-ndk-r21b/toolchains/llvm/prebuilt/linux-x86_64/lib/gcc/arm-linux-androideabi/4.9.x/armv7-a/thumb -L/home/lzm/下载/android-ndk-r21b-linux-x86_64/android-ndk-r21b/toolchains/llvm/prebuilt/linux-x86_64/lib/gcc/arm-linux-androideabi/4.9.x/../../../../arm-linux-androideabi/lib/../lib/armv7-a/thumb -L/home/lzm/下载/android-ndk-r21b-linux-x86_64/android-ndk-r21b/toolchains/llvm/prebuilt/linux-x86_64/sysroot/usr/lib/arm-linux-androideabi/28 -L/home/lzm/下载/android-ndk-r21b-linux-x86_64/android-ndk-r21b/toolchains/llvm/prebuilt/linux-x86_64/sysroot/usr/lib/arm-linux-androideabi -L/home/lzm/下载/android-ndk-r21b-linux-x86_64/android-ndk-r21b/toolchains/llvm/prebuilt/linux-x86_64/sysroot/usr/lib/../lib -L/home/lzm/下载/android-ndk-r21b-linux-x86_64/android-ndk-r21b/toolchains/llvm/prebuilt/linux-x86_64/sysroot/usr/lib/arm-linux-androideabi/../../lib -L/home/lzm/下载/android-ndk-r21b-linux-x86_64/android-ndk-r21b/toolchains/llvm/prebuilt/linux-x86_64/lib/gcc/arm-linux-androideabi/4.9.x/../../../../arm-linux-androideabi/lib/armv7-a/thumb -L/home/lzm/下载/android-ndk-r21b-linux-x86_64/android-ndk-r21b/toolchains/llvm/prebuilt/linux-x86_64/sysroot/usr/lib --exclude-libs libgcc.a --exclude-libs libgcc_real.a --exclude-libs libatomic.a --build-id --fatal-warnings --exclude-libs libunwind.a --no-undefined --gc-sections CMakeFiles/cmTC_a1d2a.dir/CMakeCXXCompilerABI.cpp.o -Bstatic -lc++ -Bdynamic -lm -lgcc -ldl -lc -lgcc -ldl /home/lzm/下载/android-ndk-r21b-linux-x86_64/android-ndk-r21b/toolchains/llvm/prebuilt/linux-x86_64/sysroot/usr/lib/arm-linux-androideabi/28/crtend_android.o]
    arg [/home/lzm/下载/android-ndk-r21b-linux-x86_64/android-ndk-r21b/toolchains/llvm/prebuilt/linux-x86_64/lib/gcc/arm-linux-androideabi/4.9.x/../../../../arm-linux-androideabi/bin/ld] ==> ignore
    arg [--sysroot=/home/lzm/下载/android-ndk-r21b-linux-x86_64/android-ndk-r21b/toolchains/llvm/prebuilt/linux-x86_64/sysroot] ==> ignore
    arg [-pie] ==> ignore
    arg [-znoexecstack] ==> ignore
    arg [-EL] ==> ignore
    arg [--warn-shared-textrel] ==> ignore
    arg [-znow] ==> ignore
    arg [-zrelro] ==> ignore
    arg [-X] ==> ignore
    arg [--hash-style=gnu] ==> ignore
    arg [--enable-new-dtags] ==> ignore
    arg [--eh-frame-hdr] ==> ignore
    arg [-m] ==> ignore
    arg [armelf_linux_eabi] ==> ignore
    arg [-dynamic-linker] ==> ignore
    arg [/system/bin/linker] ==> ignore
    arg [-o] ==> ignore
    arg [cmTC_a1d2a] ==> ignore
    arg [/home/lzm/下载/android-ndk-r21b-linux-x86_64/android-ndk-r21b/toolchains/llvm/prebuilt/linux-x86_64/sysroot/usr/lib/arm-linux-androideabi/28/crtbegin_dynamic.o] ==> ignore
    arg [-L/home/lzm/下载/android-ndk-r21b-linux-x86_64/android-ndk-r21b/toolchains/llvm/prebuilt/linux-x86_64/lib64/clang/9.0.8/lib/linux/arm] ==> dir [/home/lzm/下载/android-ndk-r21b-linux-x86_64/android-ndk-r21b/toolchains/llvm/prebuilt/linux-x86_64/lib64/clang/9.0.8/lib/linux/arm]
    arg [-L/home/lzm/下载/android-ndk-r21b-linux-x86_64/android-ndk-r21b/toolchains/llvm/prebuilt/linux-x86_64/lib/gcc/arm-linux-androideabi/4.9.x/armv7-a/thumb] ==> dir [/home/lzm/下载/android-ndk-r21b-linux-x86_64/android-ndk-r21b/toolchains/llvm/prebuilt/linux-x86_64/lib/gcc/arm-linux-androideabi/4.9.x/armv7-a/thumb]
    arg [-L/home/lzm/下载/android-ndk-r21b-linux-x86_64/android-ndk-r21b/toolchains/llvm/prebuilt/linux-x86_64/lib/gcc/arm-linux-androideabi/4.9.x/../../../../arm-linux-androideabi/lib/../lib/armv7-a/thumb] ==> dir [/home/lzm/下载/android-ndk-r21b-linux-x86_64/android-ndk-r21b/toolchains/llvm/prebuilt/linux-x86_64/lib/gcc/arm-linux-androideabi/4.9.x/../../../../arm-linux-androideabi/lib/../lib/armv7-a/thumb]
    arg [-L/home/lzm/下载/android-ndk-r21b-linux-x86_64/android-ndk-r21b/toolchains/llvm/prebuilt/linux-x86_64/sysroot/usr/lib/arm-linux-androideabi/28] ==> dir [/home/lzm/下载/android-ndk-r21b-linux-x86_64/android-ndk-r21b/toolchains/llvm/prebuilt/linux-x86_64/sysroot/usr/lib/arm-linux-androideabi/28]
    arg [-L/home/lzm/下载/android-ndk-r21b-linux-x86_64/android-ndk-r21b/toolchains/llvm/prebuilt/linux-x86_64/sysroot/usr/lib/arm-linux-androideabi] ==> dir [/home/lzm/下载/android-ndk-r21b-linux-x86_64/android-ndk-r21b/toolchains/llvm/prebuilt/linux-x86_64/sysroot/usr/lib/arm-linux-androideabi]
    arg [-L/home/lzm/下载/android-ndk-r21b-linux-x86_64/android-ndk-r21b/toolchains/llvm/prebuilt/linux-x86_64/sysroot/usr/lib/../lib] ==> dir [/home/lzm/下载/android-ndk-r21b-linux-x86_64/android-ndk-r21b/toolchains/llvm/prebuilt/linux-x86_64/sysroot/usr/lib/../lib]
    arg [-L/home/lzm/下载/android-ndk-r21b-linux-x86_64/android-ndk-r21b/toolchains/llvm/prebuilt/linux-x86_64/sysroot/usr/lib/arm-linux-androideabi/../../lib] ==> dir [/home/lzm/下载/android-ndk-r21b-linux-x86_64/android-ndk-r21b/toolchains/llvm/prebuilt/linux-x86_64/sysroot/usr/lib/arm-linux-androideabi/../../lib]
    arg [-L/home/lzm/下载/android-ndk-r21b-linux-x86_64/android-ndk-r21b/toolchains/llvm/prebuilt/linux-x86_64/lib/gcc/arm-linux-androideabi/4.9.x/../../../../arm-linux-androideabi/lib/armv7-a/thumb] ==> dir [/home/lzm/下载/android-ndk-r21b-linux-x86_64/android-ndk-r21b/toolchains/llvm/prebuilt/linux-x86_64/lib/gcc/arm-linux-androideabi/4.9.x/../../../../arm-linux-androideabi/lib/armv7-a/thumb]
    arg [-L/home/lzm/下载/android-ndk-r21b-linux-x86_64/android-ndk-r21b/toolchains/llvm/prebuilt/linux-x86_64/sysroot/usr/lib] ==> dir [/home/lzm/下载/android-ndk-r21b-linux-x86_64/android-ndk-r21b/toolchains/llvm/prebuilt/linux-x86_64/sysroot/usr/lib]
    arg [--exclude-libs] ==> ignore
    arg [libgcc.a] ==> ignore
    arg [--exclude-libs] ==> ignore
    arg [libgcc_real.a] ==> ignore
    arg [--exclude-libs] ==> ignore
    arg [libatomic.a] ==> ignore
    arg [--build-id] ==> ignore
    arg [--fatal-warnings] ==> ignore
    arg [--exclude-libs] ==> ignore
    arg [libunwind.a] ==> ignore
    arg [--no-undefined] ==> ignore
    arg [--gc-sections] ==> ignore
    arg [CMakeFiles/cmTC_a1d2a.dir/CMakeCXXCompilerABI.cpp.o] ==> ignore
    arg [-Bstatic] ==> ignore
    arg [-lc++] ==> lib [c++]
    arg [-Bdynamic] ==> ignore
    arg [-lm] ==> lib [m]
    arg [-lgcc] ==> lib [gcc]
    arg [-ldl] ==> lib [dl]
    arg [-lc] ==> lib [c]
    arg [-lgcc] ==> lib [gcc]
    arg [-ldl] ==> lib [dl]
    arg [/home/lzm/下载/android-ndk-r21b-linux-x86_64/android-ndk-r21b/toolchains/llvm/prebuilt/linux-x86_64/sysroot/usr/lib/arm-linux-androideabi/28/crtend_android.o] ==> ignore
  collapse library dir [/home/lzm/下载/android-ndk-r21b-linux-x86_64/android-ndk-r21b/toolchains/llvm/prebuilt/linux-x86_64/lib64/clang/9.0.8/lib/linux/arm] ==> [/home/lzm/下载/android-ndk-r21b-linux-x86_64/android-ndk-r21b/toolchains/llvm/prebuilt/linux-x86_64/lib64/clang/9.0.8/lib/linux/arm]
  collapse library dir [/home/lzm/下载/android-ndk-r21b-linux-x86_64/android-ndk-r21b/toolchains/llvm/prebuilt/linux-x86_64/lib/gcc/arm-linux-androideabi/4.9.x/armv7-a/thumb] ==> [/home/lzm/下载/android-ndk-r21b-linux-x86_64/android-ndk-r21b/toolchains/llvm/prebuilt/linux-x86_64/lib/gcc/arm-linux-androideabi/4.9.x/armv7-a/thumb]
  collapse library dir [/home/lzm/下载/android-ndk-r21b-linux-x86_64/android-ndk-r21b/toolchains/llvm/prebuilt/linux-x86_64/lib/gcc/arm-linux-androideabi/4.9.x/../../../../arm-linux-androideabi/lib/../lib/armv7-a/thumb] ==> [/home/lzm/下载/android-ndk-r21b-linux-x86_64/android-ndk-r21b/toolchains/llvm/prebuilt/linux-x86_64/arm-linux-androideabi/lib/armv7-a/thumb]
  collapse library dir [/home/lzm/下载/android-ndk-r21b-linux-x86_64/android-ndk-r21b/toolchains/llvm/prebuilt/linux-x86_64/sysroot/usr/lib/arm-linux-androideabi/28] ==> [/home/lzm/下载/android-ndk-r21b-linux-x86_64/android-ndk-r21b/toolchains/llvm/prebuilt/linux-x86_64/sysroot/usr/lib/arm-linux-androideabi/28]
  collapse library dir [/home/lzm/下载/android-ndk-r21b-linux-x86_64/android-ndk-r21b/toolchains/llvm/prebuilt/linux-x86_64/sysroot/usr/lib/arm-linux-androideabi] ==> [/home/lzm/下载/android-ndk-r21b-linux-x86_64/android-ndk-r21b/toolchains/llvm/prebuilt/linux-x86_64/sysroot/usr/lib/arm-linux-androideabi]
  collapse library dir [/home/lzm/下载/android-ndk-r21b-linux-x86_64/android-ndk-r21b/toolchains/llvm/prebuilt/linux-x86_64/sysroot/usr/lib/../lib] ==> [/home/lzm/下载/android-ndk-r21b-linux-x86_64/android-ndk-r21b/toolchains/llvm/prebuilt/linux-x86_64/sysroot/usr/lib]
  collapse library dir [/home/lzm/下载/android-ndk-r21b-linux-x86_64/android-ndk-r21b/toolchains/llvm/prebuilt/linux-x86_64/sysroot/usr/lib/arm-linux-androideabi/../../lib] ==> [/home/lzm/下载/android-ndk-r21b-linux-x86_64/android-ndk-r21b/toolchains/llvm/prebuilt/linux-x86_64/sysroot/usr/lib]
  collapse library dir [/home/lzm/下载/android-ndk-r21b-linux-x86_64/android-ndk-r21b/toolchains/llvm/prebuilt/linux-x86_64/lib/gcc/arm-linux-androideabi/4.9.x/../../../../arm-linux-androideabi/lib/armv7-a/thumb] ==> [/home/lzm/下载/android-ndk-r21b-linux-x86_64/android-ndk-r21b/toolchains/llvm/prebuilt/linux-x86_64/arm-linux-androideabi/lib/armv7-a/thumb]
  collapse library dir [/home/lzm/下载/android-ndk-r21b-linux-x86_64/android-ndk-r21b/toolchains/llvm/prebuilt/linux-x86_64/sysroot/usr/lib] ==> [/home/lzm/下载/android-ndk-r21b-linux-x86_64/android-ndk-r21b/toolchains/llvm/prebuilt/linux-x86_64/sysroot/usr/lib]
  implicit libs: [c++;m;gcc;dl;c;gcc;dl]
  implicit dirs: [/home/lzm/下载/android-ndk-r21b-linux-x86_64/android-ndk-r21b/toolchains/llvm/prebuilt/linux-x86_64/lib64/clang/9.0.8/lib/linux/arm;/home/lzm/下载/android-ndk-r21b-linux-x86_64/android-ndk-r21b/toolchains/llvm/prebuilt/linux-x86_64/lib/gcc/arm-linux-androideabi/4.9.x/armv7-a/thumb;/home/lzm/下载/android-ndk-r21b-linux-x86_64/android-ndk-r21b/toolchains/llvm/prebuilt/linux-x86_64/arm-linux-androideabi/lib/armv7-a/thumb;/home/lzm/下载/android-ndk-r21b-linux-x86_64/android-ndk-r21b/toolchains/llvm/prebuilt/linux-x86_64/sysroot/usr/lib/arm-linux-androideabi/28;/home/lzm/下载/android-ndk-r21b-linux-x86_64/android-ndk-r21b/toolchains/llvm/prebuilt/linux-x86_64/sysroot/usr/lib/arm-linux-androideabi;/home/lzm/下载/android-ndk-r21b-linux-x86_64/android-ndk-r21b/toolchains/llvm/prebuilt/linux-x86_64/sysroot/usr/lib]
  implicit fwks: []




Detecting CXX [-std=c++1z] compiler features compiled with the following output:
Change Dir: /media/lzm/T5/VideoApp/app/.cxx/cmake/debug/armeabi-v7a/CMakeFiles/CMakeTmp

Run Build Command:"/home/lzm/Android/Sdk/cmake/3.10.2.4988404/bin/ninja" "cmTC_3cc23"
[1/2] Building CXX object CMakeFiles/cmTC_3cc23.dir/feature_tests.cxx.o
[2/2] Linking CXX executable cmTC_3cc23


    Feature record: CXX_FEATURE:1cxx_aggregate_default_initializers
    Feature record: CXX_FEATURE:1cxx_alias_templates
    Feature record: CXX_FEATURE:1cxx_alignas
    Feature record: CXX_FEATURE:1cxx_alignof
    Feature record: CXX_FEATURE:1cxx_attributes
    Feature record: CXX_FEATURE:1cxx_attribute_deprecated
    Feature record: CXX_FEATURE:1cxx_auto_type
    Feature record: CXX_FEATURE:1cxx_binary_literals
    Feature record: CXX_FEATURE:1cxx_constexpr
    Feature record: CXX_FEATURE:1cxx_contextual_conversions
    Feature record: CXX_FEATURE:1cxx_decltype
    Feature record: CXX_FEATURE:1cxx_decltype_auto
    Feature record: CXX_FEATURE:1cxx_decltype_incomplete_return_types
    Feature record: CXX_FEATURE:1cxx_default_function_template_args
    Feature record: CXX_FEATURE:1cxx_defaulted_functions
    Feature record: CXX_FEATURE:1cxx_defaulted_move_initializers
    Feature record: CXX_FEATURE:1cxx_delegating_constructors
    Feature record: CXX_FEATURE:1cxx_deleted_functions
    Feature record: CXX_FEATURE:1cxx_digit_separators
    Feature record: CXX_FEATURE:1cxx_enum_forward_declarations
    Feature record: CXX_FEATURE:1cxx_explicit_conversions
    Feature record: CXX_FEATURE:1cxx_extended_friend_declarations
    Feature record: CXX_FEATURE:1cxx_extern_templates
    Feature record: CXX_FEATURE:1cxx_final
    Feature record: CXX_FEATURE:1cxx_func_identifier
    Feature record: CXX_FEATURE:1cxx_generalized_initializers
    Feature record: CXX_FEATURE:1cxx_generic_lambdas
    Feature record: CXX_FEATURE:1cxx_inheriting_constructors
    Feature record: CXX_FEATURE:1cxx_inline_namespaces
    Feature record: CXX_FEATURE:1cxx_lambdas
    Feature record: CXX_FEATURE:1cxx_lambda_init_captures
    Feature record: CXX_FEATURE:1cxx_local_type_template_args
    Feature record: CXX_FEATURE:1cxx_long_long_type
    Feature record: CXX_FEATURE:1cxx_noexcept
    Feature record: CXX_FEATURE:1cxx_nonstatic_member_init
    Feature record: CXX_FEATURE:1cxx_nullptr
    Feature record: CXX_FEATURE:1cxx_override
    Feature record: CXX_FEATURE:1cxx_range_for
    Feature record: CXX_FEATURE:1cxx_raw_string_literals
    Feature record: CXX_FEATURE:1cxx_reference_qualified_functions
    Feature record: CXX_FEATURE:1cxx_relaxed_constexpr
    Feature record: CXX_FEATURE:1cxx_return_type_deduction
    Feature record: CXX_FEATURE:1cxx_right_angle_brackets
    Feature record: CXX_FEATURE:1cxx_rvalue_references
    Feature record: CXX_FEATURE:1cxx_sizeof_member
    Feature record: CXX_FEATURE:1cxx_static_assert
    Feature record: CXX_FEATURE:1cxx_strong_enums
    Feature record: CXX_FEATURE:1cxx_template_template_parameters
    Feature record: CXX_FEATURE:1cxx_thread_local
    Feature record: CXX_FEATURE:1cxx_trailing_return_types
    Feature record: CXX_FEATURE:1cxx_unicode_literals
    Feature record: CXX_FEATURE:1cxx_uniform_initialization
    Feature record: CXX_FEATURE:1cxx_unrestricted_unions
    Feature record: CXX_FEATURE:1cxx_user_literals
    Feature record: CXX_FEATURE:1cxx_variable_templates
    Feature record: CXX_FEATURE:1cxx_variadic_macros
    Feature record: CXX_FEATURE:1cxx_variadic_templates


Detecting CXX [-std=c++14] compiler features compiled with the following output:
Change Dir: /media/lzm/T5/VideoApp/app/.cxx/cmake/debug/armeabi-v7a/CMakeFiles/CMakeTmp

Run Build Command:"/home/lzm/Android/Sdk/cmake/3.10.2.4988404/bin/ninja" "cmTC_caaf6"
[1/2] Building CXX object CMakeFiles/cmTC_caaf6.dir/feature_tests.cxx.o
[2/2] Linking CXX executable cmTC_caaf6


    Feature record: CXX_FEATURE:1cxx_aggregate_default_initializers
    Feature record: CXX_FEATURE:1cxx_alias_templates
    Feature record: CXX_FEATURE:1cxx_alignas
    Feature record: CXX_FEATURE:1cxx_alignof
    Feature record: CXX_FEATURE:1cxx_attributes
    Feature record: CXX_FEATURE:1cxx_attribute_deprecated
    Feature record: CXX_FEATURE:1cxx_auto_type
    Feature record: CXX_FEATURE:1cxx_binary_literals
    Feature record: CXX_FEATURE:1cxx_constexpr
    Feature record: CXX_FEATURE:1cxx_contextual_conversions
    Feature record: CXX_FEATURE:1cxx_decltype
    Feature record: CXX_FEATURE:1cxx_decltype_auto
    Feature record: CXX_FEATURE:1cxx_decltype_incomplete_return_types
    Feature record: CXX_FEATURE:1cxx_default_function_template_args
    Feature record: CXX_FEATURE:1cxx_defaulted_functions
    Feature record: CXX_FEATURE:1cxx_defaulted_move_initializers
    Feature record: CXX_FEATURE:1cxx_delegating_constructors
    Feature record: CXX_FEATURE:1cxx_deleted_functions
    Feature record: CXX_FEATURE:1cxx_digit_separators
    Feature record: CXX_FEATURE:1cxx_enum_forward_declarations
    Feature record: CXX_FEATURE:1cxx_explicit_conversions
    Feature record: CXX_FEATURE:1cxx_extended_friend_declarations
    Feature record: CXX_FEATURE:1cxx_extern_templates
    Feature record: CXX_FEATURE:1cxx_final
    Feature record: CXX_FEATURE:1cxx_func_identifier
    Feature record: CXX_FEATURE:1cxx_generalized_initializers
    Feature record: CXX_FEATURE:1cxx_generic_lambdas
    Feature record: CXX_FEATURE:1cxx_inheriting_constructors
    Feature record: CXX_FEATURE:1cxx_inline_namespaces
    Feature record: CXX_FEATURE:1cxx_lambdas
    Feature record: CXX_FEATURE:1cxx_lambda_init_captures
    Feature record: CXX_FEATURE:1cxx_local_type_template_args
    Feature record: CXX_FEATURE:1cxx_long_long_type
    Feature record: CXX_FEATURE:1cxx_noexcept
    Feature record: CXX_FEATURE:1cxx_nonstatic_member_init
    Feature record: CXX_FEATURE:1cxx_nullptr
    Feature record: CXX_FEATURE:1cxx_override
    Feature record: CXX_FEATURE:1cxx_range_for
    Feature record: CXX_FEATURE:1cxx_raw_string_literals
    Feature record: CXX_FEATURE:1cxx_reference_qualified_functions
    Feature record: CXX_FEATURE:1cxx_relaxed_constexpr
    Feature record: CXX_FEATURE:1cxx_return_type_deduction
    Feature record: CXX_FEATURE:1cxx_right_angle_brackets
    Feature record: CXX_FEATURE:1cxx_rvalue_references
    Feature record: CXX_FEATURE:1cxx_sizeof_member
    Feature record: CXX_FEATURE:1cxx_static_assert
    Feature record: CXX_FEATURE:1cxx_strong_enums
    Feature record: CXX_FEATURE:1cxx_template_template_parameters
    Feature record: CXX_FEATURE:1cxx_thread_local
    Feature record: CXX_FEATURE:1cxx_trailing_return_types
    Feature record: CXX_FEATURE:1cxx_unicode_literals
    Feature record: CXX_FEATURE:1cxx_uniform_initialization
    Feature record: CXX_FEATURE:1cxx_unrestricted_unions
    Feature record: CXX_FEATURE:1cxx_user_literals
    Feature record: CXX_FEATURE:1cxx_variable_templates
    Feature record: CXX_FEATURE:1cxx_variadic_macros
    Feature record: CXX_FEATURE:1cxx_variadic_templates


Detecting CXX [-std=c++11] compiler features compiled with the following output:
Change Dir: /media/lzm/T5/VideoApp/app/.cxx/cmake/debug/armeabi-v7a/CMakeFiles/CMakeTmp

Run Build Command:"/home/lzm/Android/Sdk/cmake/3.10.2.4988404/bin/ninja" "cmTC_f90e5"
[1/2] Building CXX object CMakeFiles/cmTC_f90e5.dir/feature_tests.cxx.o
[2/2] Linking CXX executable cmTC_f90e5


    Feature record: CXX_FEATURE:0cxx_aggregate_default_initializers
    Feature record: CXX_FEATURE:1cxx_alias_templates
    Feature record: CXX_FEATURE:1cxx_alignas
    Feature record: CXX_FEATURE:1cxx_alignof
    Feature record: CXX_FEATURE:1cxx_attributes
    Feature record: CXX_FEATURE:0cxx_attribute_deprecated
    Feature record: CXX_FEATURE:1cxx_auto_type
    Feature record: CXX_FEATURE:0cxx_binary_literals
    Feature record: CXX_FEATURE:1cxx_constexpr
    Feature record: CXX_FEATURE:0cxx_contextual_conversions
    Feature record: CXX_FEATURE:1cxx_decltype
    Feature record: CXX_FEATURE:0cxx_decltype_auto
    Feature record: CXX_FEATURE:1cxx_decltype_incomplete_return_types
    Feature record: CXX_FEATURE:1cxx_default_function_template_args
    Feature record: CXX_FEATURE:1cxx_defaulted_functions
    Feature record: CXX_FEATURE:1cxx_defaulted_move_initializers
    Feature record: CXX_FEATURE:1cxx_delegating_constructors
    Feature record: CXX_FEATURE:1cxx_deleted_functions
    Feature record: CXX_FEATURE:0cxx_digit_separators
    Feature record: CXX_FEATURE:1cxx_enum_forward_declarations
    Feature record: CXX_FEATURE:1cxx_explicit_conversions
    Feature record: CXX_FEATURE:1cxx_extended_friend_declarations
    Feature record: CXX_FEATURE:1cxx_extern_templates
    Feature record: CXX_FEATURE:1cxx_final
    Feature record: CXX_FEATURE:1cxx_func_identifier
    Feature record: CXX_FEATURE:1cxx_generalized_initializers
    Feature record: CXX_FEATURE:0cxx_generic_lambdas
    Feature record: CXX_FEATURE:1cxx_inheriting_constructors
    Feature record: CXX_FEATURE:1cxx_inline_namespaces
    Feature record: CXX_FEATURE:1cxx_lambdas
    Feature record: CXX_FEATURE:0cxx_lambda_init_captures
    Feature record: CXX_FEATURE:1cxx_local_type_template_args
    Feature record: CXX_FEATURE:1cxx_long_long_type
    Feature record: CXX_FEATURE:1cxx_noexcept
    Feature record: CXX_FEATURE:1cxx_nonstatic_member_init
    Feature record: CXX_FEATURE:1cxx_nullptr
    Feature record: CXX_FEATURE:1cxx_override
    Feature record: CXX_FEATURE:1cxx_range_for
    Feature record: CXX_FEATURE:1cxx_raw_string_literals
    Feature record: CXX_FEATURE:1cxx_reference_qualified_functions
    Feature record: CXX_FEATURE:0cxx_relaxed_constexpr
    Feature record: CXX_FEATURE:0cxx_return_type_deduction
    Feature record: CXX_FEATURE:1cxx_right_angle_brackets
    Feature record: CXX_FEATURE:1cxx_rvalue_references
    Feature record: CXX_FEATURE:1cxx_sizeof_member
    Feature record: CXX_FEATURE:1cxx_static_assert
    Feature record: CXX_FEATURE:1cxx_strong_enums
    Feature record: CXX_FEATURE:1cxx_template_template_parameters
    Feature record: CXX_FEATURE:1cxx_thread_local
    Feature record: CXX_FEATURE:1cxx_trailing_return_types
    Feature record: CXX_FEATURE:1cxx_unicode_literals
    Feature record: CXX_FEATURE:1cxx_uniform_initialization
    Feature record: CXX_FEATURE:1cxx_unrestricted_unions
    Feature record: CXX_FEATURE:1cxx_user_literals
    Feature record: CXX_FEATURE:0cxx_variable_templates
    Feature record: CXX_FEATURE:1cxx_variadic_macros
    Feature record: CXX_FEATURE:1cxx_variadic_templates


Detecting CXX [-std=c++98] compiler features compiled with the following output:
Change Dir: /media/lzm/T5/VideoApp/app/.cxx/cmake/debug/armeabi-v7a/CMakeFiles/CMakeTmp

Run Build Command:"/home/lzm/Android/Sdk/cmake/3.10.2.4988404/bin/ninja" "cmTC_ac327"
[1/2] Building CXX object CMakeFiles/cmTC_ac327.dir/feature_tests.cxx.o
[2/2] Linking CXX executable cmTC_ac327


    Feature record: CXX_FEATURE:0cxx_aggregate_default_initializers
    Feature record: CXX_FEATURE:0cxx_alias_templates
    Feature record: CXX_FEATURE:0cxx_alignas
    Feature record: CXX_FEATURE:0cxx_alignof
    Feature record: CXX_FEATURE:0cxx_attributes
    Feature record: CXX_FEATURE:0cxx_attribute_deprecated
    Feature record: CXX_FEATURE:0cxx_auto_type
    Feature record: CXX_FEATURE:0cxx_binary_literals
    Feature record: CXX_FEATURE:0cxx_constexpr
    Feature record: CXX_FEATURE:0cxx_contextual_conversions
    Feature record: CXX_FEATURE:0cxx_decltype
    Feature record: CXX_FEATURE:0cxx_decltype_auto
    Feature record: CXX_FEATURE:0cxx_decltype_incomplete_return_types
    Feature record: CXX_FEATURE:0cxx_default_function_template_args
    Feature record: CXX_FEATURE:0cxx_defaulted_functions
    Feature record: CXX_FEATURE:0cxx_defaulted_move_initializers
    Feature record: CXX_FEATURE:0cxx_delegating_constructors
    Feature record: CXX_FEATURE:0cxx_deleted_functions
    Feature record: CXX_FEATURE:0cxx_digit_separators
    Feature record: CXX_FEATURE:0cxx_enum_forward_declarations
    Feature record: CXX_FEATURE:0cxx_explicit_conversions
    Feature record: CXX_FEATURE:0cxx_extended_friend_declarations
    Feature record: CXX_FEATURE:0cxx_extern_templates
    Feature record: CXX_FEATURE:0cxx_final
    Feature record: CXX_FEATURE:0cxx_func_identifier
    Feature record: CXX_FEATURE:0cxx_generalized_initializers
    Feature record: CXX_FEATURE:0cxx_generic_lambdas
    Feature record: CXX_FEATURE:0cxx_inheriting_constructors
    Feature record: CXX_FEATURE:0cxx_inline_namespaces
    Feature record: CXX_FEATURE:0cxx_lambdas
    Feature record: CXX_FEATURE:0cxx_lambda_init_captures
    Feature record: CXX_FEATURE:0cxx_local_type_template_args
    Feature record: CXX_FEATURE:0cxx_long_long_type
    Feature record: CXX_FEATURE:0cxx_noexcept
    Feature record: CXX_FEATURE:0cxx_nonstatic_member_init
    Feature record: CXX_FEATURE:0cxx_nullptr
    Feature record: CXX_FEATURE:0cxx_override
    Feature record: CXX_FEATURE:0cxx_range_for
    Feature record: CXX_FEATURE:0cxx_raw_string_literals
    Feature record: CXX_FEATURE:0cxx_reference_qualified_functions
    Feature record: CXX_FEATURE:0cxx_relaxed_constexpr
    Feature record: CXX_FEATURE:0cxx_return_type_deduction
    Feature record: CXX_FEATURE:0cxx_right_angle_brackets
    Feature record: CXX_FEATURE:0cxx_rvalue_references
    Feature record: CXX_FEATURE:0cxx_sizeof_member
    Feature record: CXX_FEATURE:0cxx_static_assert
    Feature record: CXX_FEATURE:0cxx_strong_enums
    Feature record: CXX_FEATURE:1cxx_template_template_parameters
    Feature record: CXX_FEATURE:0cxx_thread_local
    Feature record: CXX_FEATURE:0cxx_trailing_return_types
    Feature record: CXX_FEATURE:0cxx_unicode_literals
    Feature record: CXX_FEATURE:0cxx_uniform_initialization
    Feature record: CXX_FEATURE:0cxx_unrestricted_unions
    Feature record: CXX_FEATURE:0cxx_user_literals
    Feature record: CXX_FEATURE:0cxx_variable_templates
    Feature record: CXX_FEATURE:0cxx_variadic_macros
    Feature record: CXX_FEATURE:0cxx_variadic_templates
Performing C++ SOURCE FILE Test COMPILER_SUPPORTS_CXX11 succeeded with the following output:
Change Dir: /media/lzm/T5/VideoApp/app/.cxx/cmake/debug/armeabi-v7a/CMakeFiles/CMakeTmp

Run Build Command:"/home/lzm/Android/Sdk/cmake/3.10.2.4988404/bin/ninja" "cmTC_2857a"
[1/2] Building CXX object CMakeFiles/cmTC_2857a.dir/src.cxx.o
[2/2] Linking CXX executable cmTC_2857a

Source file was:
int main() { return 0; }
Performing C++ SOURCE FILE Test COMPILER_SUPPORTS_CXX0X succeeded with the following output:
Change Dir: /media/lzm/T5/VideoApp/app/.cxx/cmake/debug/armeabi-v7a/CMakeFiles/CMakeTmp

Run Build Command:"/home/lzm/Android/Sdk/cmake/3.10.2.4988404/bin/ninja" "cmTC_9f78e"
[1/2] Building CXX object CMakeFiles/cmTC_9f78e.dir/src.cxx.o
[2/2] Linking CXX executable cmTC_9f78e

Source file was:
int main() { return 0; }
